{"/Users/soazinho/mako/app/app.css": {"path":"/Users/soazinho/mako/app/app.css","statementMap":{},"fnMap":{},"branchMap":{},"s":{},"f":{},"b":{},"meta":{"lastBranch":0,"lastFunction":0,"lastStatement":0,"seen":{}}}
,"/Users/soazinho/mako/app/components/language-select.tsx": {"path":"/Users/soazinho/mako/app/components/language-select.tsx","statementMap":{"0":{"start":{"line":13,"column":18},"end":{"line":16,"column":null}},"1":{"start":{"line":18,"column":19},"end":{"line":20,"column":null}},"2":{"start":{"line":23,"column":18},"end":{"line":23,"column":null}},"3":{"start":{"line":24,"column":26},"end":{"line":24,"column":null}},"4":{"start":{"line":27,"column":4},"end":{"line":32,"column":null}},"5":{"start":{"line":28,"column":6},"end":{"line":28,"column":null}},"6":{"start":{"line":29,"column":6},"end":{"line":29,"column":null}},"7":{"start":{"line":31,"column":6},"end":{"line":31,"column":null}},"8":{"start":{"line":35,"column":2},"end":{"line":56,"column":null}},"9":{"start":{"line":38,"column":35},"end":{"line":38,"column":null}},"10":{"start":{"line":51,"column":10},"end":{"line":53,"column":null}}},"fnMap":{"0":{"name":"LanguageSelect","decl":{"start":{"line":22,"column":16},"end":{"line":22,"column":33}},"loc":{"start":{"line":22,"column":33},"end":{"line":58,"column":null}},"line":22},"1":{"name":"selectLanguage","decl":{"start":{"line":26,"column":17},"end":{"line":26,"column":32}},"loc":{"start":{"line":26,"column":66},"end":{"line":33,"column":null}},"line":26},"2":{"name":"(anonymous_2)","decl":{"start":{"line":38,"column":21},"end":{"line":38,"column":22}},"loc":{"start":{"line":38,"column":35},"end":{"line":38,"column":null}},"line":38},"3":{"name":"(anonymous_3)","decl":{"start":{"line":50,"column":23},"end":{"line":50,"column":24}},"loc":{"start":{"line":51,"column":10},"end":{"line":53,"column":null}},"line":51}},"branchMap":{},"s":{"0":1,"1":1,"2":1,"3":1,"4":0,"5":0,"6":0,"7":0,"8":1,"9":0,"10":2},"f":{"0":1,"1":0,"2":0,"3":2},"b":{},"meta":{"lastBranch":0,"lastFunction":4,"lastStatement":11,"seen":{"s:13:18:16:Infinity":0,"s:18:19:20:Infinity":1,"f:22:16:22:33":0,"s:23:18:23:Infinity":2,"s:24:26:24:Infinity":3,"f:26:17:26:32":1,"s:27:4:32:Infinity":4,"s:28:6:28:Infinity":5,"s:29:6:29:Infinity":6,"s:31:6:31:Infinity":7,"s:35:2:56:Infinity":8,"f:38:21:38:22":2,"s:38:35:38:Infinity":9,"f:50:23:50:24":3,"s:51:10:53:Infinity":10}}}
,"/Users/soazinho/mako/app/components/ui/button.tsx": {"path":"/Users/soazinho/mako/app/components/ui/button.tsx","statementMap":{"0":{"start":{"line":6,"column":6},"end":{"line":36,"column":null}},"1":{"start":{"line":48,"column":15},"end":{"line":48,"column":null}},"2":{"start":{"line":50,"column":2},"end":{"line":55,"column":null}}},"fnMap":{"0":{"name":"Button","decl":{"start":{"line":38,"column":9},"end":{"line":38,"column":16}},"loc":{"start":{"line":47,"column":5},"end":{"line":57,"column":null}},"line":47}},"branchMap":{"0":{"loc":{"start":{"line":42,"column":2},"end":{"line":42,"column":null}},"type":"default-arg","locations":[{"start":{"line":42,"column":12},"end":{"line":42,"column":null}}],"line":42},"1":{"loc":{"start":{"line":48,"column":15},"end":{"line":48,"column":null}},"type":"cond-expr","locations":[{"start":{"line":48,"column":25},"end":{"line":48,"column":32}},{"start":{"line":48,"column":32},"end":{"line":48,"column":null}}],"line":48}},"s":{"0":0,"1":0,"2":0},"f":{"0":0},"b":{"0":[0],"1":[0,0]},"meta":{"lastBranch":2,"lastFunction":1,"lastStatement":3,"seen":{"s:6:6:36:Infinity":0,"f:38:9:38:16":0,"b:42:12:42:Infinity":0,"s:48:15:48:Infinity":1,"b:48:25:48:32:48:32:48:Infinity":1,"s:50:2:55:Infinity":2}}}
,"/Users/soazinho/mako/app/components/ui/card.tsx": {"path":"/Users/soazinho/mako/app/components/ui/card.tsx","statementMap":{"0":{"start":{"line":4,"column":2},"end":{"line":12,"column":null}},"1":{"start":{"line":17,"column":2},"end":{"line":25,"column":null}},"2":{"start":{"line":30,"column":2},"end":{"line":35,"column":null}},"3":{"start":{"line":40,"column":2},"end":{"line":45,"column":null}},"4":{"start":{"line":50,"column":2},"end":{"line":58,"column":null}},"5":{"start":{"line":63,"column":2},"end":{"line":68,"column":null}},"6":{"start":{"line":73,"column":2},"end":{"line":78,"column":null}}},"fnMap":{"0":{"name":"Card","decl":{"start":{"line":3,"column":9},"end":{"line":3,"column":14}},"loc":{"start":{"line":3,"column":68},"end":{"line":14,"column":null}},"line":3},"1":{"name":"CardHeader","decl":{"start":{"line":16,"column":9},"end":{"line":16,"column":20}},"loc":{"start":{"line":16,"column":74},"end":{"line":27,"column":null}},"line":16},"2":{"name":"CardTitle","decl":{"start":{"line":29,"column":9},"end":{"line":29,"column":19}},"loc":{"start":{"line":29,"column":73},"end":{"line":37,"column":null}},"line":29},"3":{"name":"CardDescription","decl":{"start":{"line":39,"column":9},"end":{"line":39,"column":25}},"loc":{"start":{"line":39,"column":79},"end":{"line":47,"column":null}},"line":39},"4":{"name":"CardAction","decl":{"start":{"line":49,"column":9},"end":{"line":49,"column":20}},"loc":{"start":{"line":49,"column":74},"end":{"line":60,"column":null}},"line":49},"5":{"name":"CardContent","decl":{"start":{"line":62,"column":9},"end":{"line":62,"column":21}},"loc":{"start":{"line":62,"column":75},"end":{"line":70,"column":null}},"line":62},"6":{"name":"CardFooter","decl":{"start":{"line":72,"column":9},"end":{"line":72,"column":20}},"loc":{"start":{"line":72,"column":74},"end":{"line":80,"column":null}},"line":72}},"branchMap":{},"s":{"0":0,"1":0,"2":0,"3":0,"4":0,"5":0,"6":0},"f":{"0":0,"1":0,"2":0,"3":0,"4":0,"5":0,"6":0},"b":{},"meta":{"lastBranch":0,"lastFunction":7,"lastStatement":7,"seen":{"f:3:9:3:14":0,"s:4:2:12:Infinity":0,"f:16:9:16:20":1,"s:17:2:25:Infinity":1,"f:29:9:29:19":2,"s:30:2:35:Infinity":2,"f:39:9:39:25":3,"s:40:2:45:Infinity":3,"f:49:9:49:20":4,"s:50:2:58:Infinity":4,"f:62:9:62:21":5,"s:63:2:68:Infinity":5,"f:72:9:72:20":6,"s:73:2:78:Infinity":6}}}
,"/Users/soazinho/mako/app/components/ui/field.tsx": {"path":"/Users/soazinho/mako/app/components/ui/field.tsx","statementMap":{"0":{"start":{"line":9,"column":2},"end":{"line":18,"column":null}},"1":{"start":{"line":27,"column":2},"end":{"line":38,"column":null}},"2":{"start":{"line":43,"column":2},"end":{"line":51,"column":null}},"3":{"start":{"line":55,"column":6},"end":{"line":77,"column":null}},"4":{"start":{"line":84,"column":2},"end":{"line":91,"column":null}},"5":{"start":{"line":96,"column":2},"end":{"line":104,"column":null}},"6":{"start":{"line":112,"column":2},"end":{"line":122,"column":null}},"7":{"start":{"line":127,"column":2},"end":{"line":135,"column":null}},"8":{"start":{"line":140,"column":2},"end":{"line":150,"column":null}},"9":{"start":{"line":161,"column":2},"end":{"line":180,"column":null}},"10":{"start":{"line":192,"column":8},"end":{"line":217,"column":null}},"11":{"start":{"line":193,"column":4},"end":{"line":195,"column":null}},"12":{"start":{"line":194,"column":6},"end":{"line":194,"column":null}},"13":{"start":{"line":197,"column":4},"end":{"line":199,"column":null}},"14":{"start":{"line":198,"column":6},"end":{"line":198,"column":null}},"15":{"start":{"line":201,"column":25},"end":{"line":203,"column":null}},"16":{"start":{"line":202,"column":39},"end":{"line":202,"column":62}},"17":{"start":{"line":205,"column":4},"end":{"line":207,"column":null}},"18":{"start":{"line":206,"column":6},"end":{"line":206,"column":null}},"19":{"start":{"line":209,"column":4},"end":{"line":215,"column":null}},"20":{"start":{"line":213,"column":12},"end":{"line":213,"column":null}},"21":{"start":{"line":219,"column":2},"end":{"line":221,"column":null}},"22":{"start":{"line":220,"column":4},"end":{"line":220,"column":null}},"23":{"start":{"line":223,"column":2},"end":{"line":231,"column":null}}},"fnMap":{"0":{"name":"FieldSet","decl":{"start":{"line":8,"column":9},"end":{"line":8,"column":18}},"loc":{"start":{"line":8,"column":77},"end":{"line":20,"column":null}},"line":8},"1":{"name":"FieldLegend","decl":{"start":{"line":22,"column":9},"end":{"line":22,"column":21}},"loc":{"start":{"line":26,"column":70},"end":{"line":40,"column":null}},"line":26},"2":{"name":"FieldGroup","decl":{"start":{"line":42,"column":9},"end":{"line":42,"column":20}},"loc":{"start":{"line":42,"column":74},"end":{"line":53,"column":null}},"line":42},"3":{"name":"Field","decl":{"start":{"line":79,"column":9},"end":{"line":79,"column":15}},"loc":{"start":{"line":83,"column":69},"end":{"line":93,"column":null}},"line":83},"4":{"name":"FieldContent","decl":{"start":{"line":95,"column":9},"end":{"line":95,"column":22}},"loc":{"start":{"line":95,"column":76},"end":{"line":106,"column":null}},"line":95},"5":{"name":"FieldLabel","decl":{"start":{"line":108,"column":9},"end":{"line":108,"column":20}},"loc":{"start":{"line":111,"column":39},"end":{"line":124,"column":null}},"line":111},"6":{"name":"FieldTitle","decl":{"start":{"line":126,"column":9},"end":{"line":126,"column":20}},"loc":{"start":{"line":126,"column":74},"end":{"line":137,"column":null}},"line":126},"7":{"name":"FieldDescription","decl":{"start":{"line":139,"column":9},"end":{"line":139,"column":26}},"loc":{"start":{"line":139,"column":78},"end":{"line":152,"column":null}},"line":139},"8":{"name":"FieldSeparator","decl":{"start":{"line":154,"column":9},"end":{"line":154,"column":24}},"loc":{"start":{"line":160,"column":3},"end":{"line":182,"column":null}},"line":160},"9":{"name":"FieldError","decl":{"start":{"line":184,"column":9},"end":{"line":184,"column":20}},"loc":{"start":{"line":191,"column":3},"end":{"line":233,"column":null}},"line":191},"10":{"name":"(anonymous_10)","decl":{"start":{"line":192,"column":26},"end":{"line":192,"column":32}},"loc":{"start":{"line":192,"column":32},"end":{"line":217,"column":5}},"line":192},"11":{"name":"(anonymous_11)","decl":{"start":{"line":202,"column":28},"end":{"line":202,"column":29}},"loc":{"start":{"line":202,"column":39},"end":{"line":202,"column":62}},"line":202},"12":{"name":"(anonymous_12)","decl":{"start":{"line":212,"column":10},"end":{"line":212,"column":11}},"loc":{"start":{"line":213,"column":12},"end":{"line":213,"column":null}},"line":213}},"branchMap":{"0":{"loc":{"start":{"line":24,"column":2},"end":{"line":24,"column":null}},"type":"default-arg","locations":[{"start":{"line":24,"column":12},"end":{"line":24,"column":null}}],"line":24},"1":{"loc":{"start":{"line":81,"column":2},"end":{"line":81,"column":null}},"type":"default-arg","locations":[{"start":{"line":81,"column":16},"end":{"line":81,"column":null}}],"line":81},"2":{"loc":{"start":{"line":172,"column":7},"end":{"line":178,"column":null}},"type":"binary-expr","locations":[{"start":{"line":172,"column":7},"end":{"line":172,"column":null}},{"start":{"line":173,"column":8},"end":{"line":178,"column":null}}],"line":172},"3":{"loc":{"start":{"line":193,"column":4},"end":{"line":195,"column":null}},"type":"if","locations":[{"start":{"line":193,"column":4},"end":{"line":195,"column":null}},{"start":{},"end":{}}],"line":193},"4":{"loc":{"start":{"line":197,"column":4},"end":{"line":199,"column":null}},"type":"if","locations":[{"start":{"line":197,"column":4},"end":{"line":199,"column":null}},{"start":{},"end":{}}],"line":197},"5":{"loc":{"start":{"line":205,"column":4},"end":{"line":207,"column":null}},"type":"if","locations":[{"start":{"line":205,"column":4},"end":{"line":207,"column":null}},{"start":{},"end":{}}],"line":205},"6":{"loc":{"start":{"line":213,"column":12},"end":{"line":213,"column":null}},"type":"binary-expr","locations":[{"start":{"line":213,"column":12},"end":{"line":213,"column":30}},{"start":{"line":213,"column":30},"end":{"line":213,"column":null}}],"line":213},"7":{"loc":{"start":{"line":219,"column":2},"end":{"line":221,"column":null}},"type":"if","locations":[{"start":{"line":219,"column":2},"end":{"line":221,"column":null}},{"start":{},"end":{}}],"line":219}},"s":{"0":0,"1":0,"2":0,"3":0,"4":0,"5":0,"6":0,"7":0,"8":0,"9":0,"10":0,"11":0,"12":0,"13":0,"14":0,"15":0,"16":0,"17":0,"18":0,"19":0,"20":0,"21":0,"22":0,"23":0},"f":{"0":0,"1":0,"2":0,"3":0,"4":0,"5":0,"6":0,"7":0,"8":0,"9":0,"10":0,"11":0,"12":0},"b":{"0":[0],"1":[0],"2":[0,0],"3":[0,0],"4":[0,0],"5":[0,0],"6":[0,0],"7":[0,0]},"meta":{"lastBranch":8,"lastFunction":13,"lastStatement":24,"seen":{"f:8:9:8:18":0,"s:9:2:18:Infinity":0,"f:22:9:22:21":1,"b:24:12:24:Infinity":0,"s:27:2:38:Infinity":1,"f:42:9:42:20":2,"s:43:2:51:Infinity":2,"s:55:6:77:Infinity":3,"f:79:9:79:15":3,"b:81:16:81:Infinity":1,"s:84:2:91:Infinity":4,"f:95:9:95:22":4,"s:96:2:104:Infinity":5,"f:108:9:108:20":5,"s:112:2:122:Infinity":6,"f:126:9:126:20":6,"s:127:2:135:Infinity":7,"f:139:9:139:26":7,"s:140:2:150:Infinity":8,"f:154:9:154:24":8,"s:161:2:180:Infinity":9,"b:172:7:172:Infinity:173:8:178:Infinity":2,"f:184:9:184:20":9,"s:192:8:217:Infinity":10,"f:192:26:192:32":10,"b:193:4:195:Infinity:undefined:undefined:undefined:undefined":3,"s:193:4:195:Infinity":11,"s:194:6:194:Infinity":12,"b:197:4:199:Infinity:undefined:undefined:undefined:undefined":4,"s:197:4:199:Infinity":13,"s:198:6:198:Infinity":14,"s:201:25:203:Infinity":15,"f:202:28:202:29":11,"s:202:39:202:62":16,"b:205:4:207:Infinity:undefined:undefined:undefined:undefined":5,"s:205:4:207:Infinity":17,"s:206:6:206:Infinity":18,"s:209:4:215:Infinity":19,"f:212:10:212:11":12,"s:213:12:213:Infinity":20,"b:213:12:213:30:213:30:213:Infinity":6,"b:219:2:221:Infinity:undefined:undefined:undefined:undefined":7,"s:219:2:221:Infinity":21,"s:220:4:220:Infinity":22,"s:223:2:231:Infinity":23}}}
,"/Users/soazinho/mako/app/components/ui/form.tsx": {"path":"/Users/soazinho/mako/app/components/ui/form.tsx","statementMap":{"0":{"start":{"line":17,"column":13},"end":{"line":17,"column":null}},"1":{"start":{"line":26,"column":6},"end":{"line":28,"column":null}},"2":{"start":{"line":30,"column":18},"end":{"line":41,"column":null}},"3":{"start":{"line":36,"column":2},"end":{"line":39,"column":null}},"4":{"start":{"line":43,"column":21},"end":{"line":64,"column":null}},"5":{"start":{"line":44,"column":8},"end":{"line":44,"column":null}},"6":{"start":{"line":45,"column":8},"end":{"line":45,"column":null}},"7":{"start":{"line":46,"column":24},"end":{"line":46,"column":null}},"8":{"start":{"line":47,"column":8},"end":{"line":47,"column":null}},"9":{"start":{"line":48,"column":21},"end":{"line":48,"column":null}},"10":{"start":{"line":50,"column":2},"end":{"line":52,"column":null}},"11":{"start":{"line":51,"column":4},"end":{"line":51,"column":null}},"12":{"start":{"line":54,"column":17},"end":{"line":54,"column":null}},"13":{"start":{"line":56,"column":2},"end":{"line":63,"column":null}},"14":{"start":{"line":70,"column":6},"end":{"line":72,"column":null}},"15":{"start":{"line":75,"column":8},"end":{"line":75,"column":null}},"16":{"start":{"line":77,"column":2},"end":{"line":84,"column":null}},"17":{"start":{"line":92,"column":32},"end":{"line":92,"column":null}},"18":{"start":{"line":94,"column":2},"end":{"line":101,"column":null}},"19":{"start":{"line":107,"column":4},"end":{"line":107,"column":null}},"20":{"start":{"line":109,"column":2},"end":{"line":120,"column":null}},"21":{"start":{"line":125,"column":32},"end":{"line":125,"column":null}},"22":{"start":{"line":127,"column":2},"end":{"line":133,"column":null}},"23":{"start":{"line":138,"column":35},"end":{"line":138,"column":null}},"24":{"start":{"line":139,"column":15},"end":{"line":139,"column":null}},"25":{"start":{"line":141,"column":2},"end":{"line":143,"column":null}},"26":{"start":{"line":142,"column":4},"end":{"line":142,"column":null}},"27":{"start":{"line":145,"column":2},"end":{"line":153,"column":null}}},"fnMap":{"0":{"name":"(anonymous_0)","decl":{"start":{"line":30,"column":18},"end":{"line":30,"column":null}},"loc":{"start":{"line":35,"column":44},"end":{"line":41,"column":null}},"line":35},"1":{"name":"(anonymous_1)","decl":{"start":{"line":43,"column":21},"end":{"line":43,"column":27}},"loc":{"start":{"line":43,"column":27},"end":{"line":64,"column":null}},"line":43},"2":{"name":"FormItem","decl":{"start":{"line":74,"column":9},"end":{"line":74,"column":18}},"loc":{"start":{"line":74,"column":72},"end":{"line":86,"column":null}},"line":74},"3":{"name":"FormLabel","decl":{"start":{"line":88,"column":9},"end":{"line":88,"column":19}},"loc":{"start":{"line":91,"column":53},"end":{"line":103,"column":null}},"line":91},"4":{"name":"FormControl","decl":{"start":{"line":105,"column":9},"end":{"line":105,"column":21}},"loc":{"start":{"line":105,"column":70},"end":{"line":122,"column":null}},"line":105},"5":{"name":"FormDescription","decl":{"start":{"line":124,"column":9},"end":{"line":124,"column":25}},"loc":{"start":{"line":124,"column":77},"end":{"line":135,"column":null}},"line":124},"6":{"name":"FormMessage","decl":{"start":{"line":137,"column":9},"end":{"line":137,"column":21}},"loc":{"start":{"line":137,"column":73},"end":{"line":155,"column":null}},"line":137}},"branchMap":{"0":{"loc":{"start":{"line":50,"column":2},"end":{"line":52,"column":null}},"type":"if","locations":[{"start":{"line":50,"column":2},"end":{"line":52,"column":null}},{"start":{},"end":{}}],"line":50},"1":{"loc":{"start":{"line":114,"column":8},"end":{"line":116,"column":null}},"type":"cond-expr","locations":[{"start":{"line":115,"column":12},"end":{"line":115,"column":null}},{"start":{"line":116,"column":12},"end":{"line":116,"column":null}}],"line":114},"2":{"loc":{"start":{"line":139,"column":15},"end":{"line":139,"column":null}},"type":"cond-expr","locations":[{"start":{"line":139,"column":23},"end":{"line":139,"column":54}},{"start":{"line":139,"column":54},"end":{"line":139,"column":null}}],"line":139},"3":{"loc":{"start":{"line":139,"column":30},"end":{"line":139,"column":50}},"type":"binary-expr","locations":[{"start":{"line":139,"column":30},"end":{"line":139,"column":48}},{"start":{"line":139,"column":48},"end":{"line":139,"column":50}}],"line":139},"4":{"loc":{"start":{"line":141,"column":2},"end":{"line":143,"column":null}},"type":"if","locations":[{"start":{"line":141,"column":2},"end":{"line":143,"column":null}},{"start":{},"end":{}}],"line":141}},"s":{"0":0,"1":0,"2":0,"3":0,"4":0,"5":0,"6":0,"7":0,"8":0,"9":0,"10":0,"11":0,"12":0,"13":0,"14":0,"15":0,"16":0,"17":0,"18":0,"19":0,"20":0,"21":0,"22":0,"23":0,"24":0,"25":0,"26":0,"27":0},"f":{"0":0,"1":0,"2":0,"3":0,"4":0,"5":0,"6":0},"b":{"0":[0,0],"1":[0,0],"2":[0,0],"3":[0,0],"4":[0,0]},"meta":{"lastBranch":5,"lastFunction":7,"lastStatement":28,"seen":{"s:17:13:17:Infinity":0,"s:26:6:28:Infinity":1,"s:30:18:41:Infinity":2,"f:30:18:30:Infinity":0,"s:36:2:39:Infinity":3,"s:43:21:64:Infinity":4,"f:43:21:43:27":1,"s:44:8:44:Infinity":5,"s:45:8:45:Infinity":6,"s:46:24:46:Infinity":7,"s:47:8:47:Infinity":8,"s:48:21:48:Infinity":9,"b:50:2:52:Infinity:undefined:undefined:undefined:undefined":0,"s:50:2:52:Infinity":10,"s:51:4:51:Infinity":11,"s:54:17:54:Infinity":12,"s:56:2:63:Infinity":13,"s:70:6:72:Infinity":14,"f:74:9:74:18":2,"s:75:8:75:Infinity":15,"s:77:2:84:Infinity":16,"f:88:9:88:19":3,"s:92:32:92:Infinity":17,"s:94:2:101:Infinity":18,"f:105:9:105:21":4,"s:107:4:107:Infinity":19,"s:109:2:120:Infinity":20,"b:115:12:115:Infinity:116:12:116:Infinity":1,"f:124:9:124:25":5,"s:125:32:125:Infinity":21,"s:127:2:133:Infinity":22,"f:137:9:137:21":6,"s:138:35:138:Infinity":23,"s:139:15:139:Infinity":24,"b:139:23:139:54:139:54:139:Infinity":2,"b:139:30:139:48:139:48:139:50":3,"b:141:2:143:Infinity:undefined:undefined:undefined:undefined":4,"s:141:2:143:Infinity":25,"s:142:4:142:Infinity":26,"s:145:2:153:Infinity":27}}}
,"/Users/soazinho/mako/app/components/ui/label.tsx": {"path":"/Users/soazinho/mako/app/components/ui/label.tsx","statementMap":{"0":{"start":{"line":9,"column":2},"end":{"line":17,"column":null}}},"fnMap":{"0":{"name":"Label","decl":{"start":{"line":5,"column":9},"end":{"line":5,"column":15}},"loc":{"start":{"line":8,"column":53},"end":{"line":19,"column":null}},"line":8}},"branchMap":{},"s":{"0":0},"f":{"0":0},"b":{},"meta":{"lastBranch":0,"lastFunction":1,"lastStatement":1,"seen":{"f:5:9:5:15":0,"s:9:2:17:Infinity":0}}}
,"/Users/soazinho/mako/app/components/ui/select.tsx": {"path":"/Users/soazinho/mako/app/components/ui/select.tsx","statementMap":{"0":{"start":{"line":9,"column":2},"end":{"line":9,"column":null}},"1":{"start":{"line":15,"column":2},"end":{"line":15,"column":null}},"2":{"start":{"line":21,"column":2},"end":{"line":21,"column":null}},"3":{"start":{"line":32,"column":2},"end":{"line":46,"column":null}},"4":{"start":{"line":57,"column":2},"end":{"line":83,"column":null}},"5":{"start":{"line":91,"column":2},"end":{"line":96,"column":null}},"6":{"start":{"line":105,"column":2},"end":{"line":120,"column":null}},"7":{"start":{"line":128,"column":2},"end":{"line":133,"column":null}},"8":{"start":{"line":141,"column":2},"end":{"line":151,"column":null}},"9":{"start":{"line":159,"column":2},"end":{"line":169,"column":null}}},"fnMap":{"0":{"name":"Select","decl":{"start":{"line":6,"column":9},"end":{"line":6,"column":16}},"loc":{"start":{"line":8,"column":54},"end":{"line":10,"column":null}},"line":8},"1":{"name":"SelectGroup","decl":{"start":{"line":12,"column":9},"end":{"line":12,"column":21}},"loc":{"start":{"line":14,"column":55},"end":{"line":16,"column":null}},"line":14},"2":{"name":"SelectValue","decl":{"start":{"line":18,"column":9},"end":{"line":18,"column":21}},"loc":{"start":{"line":20,"column":55},"end":{"line":22,"column":null}},"line":20},"3":{"name":"SelectTrigger","decl":{"start":{"line":24,"column":9},"end":{"line":24,"column":23}},"loc":{"start":{"line":31,"column":3},"end":{"line":48,"column":null}},"line":31},"4":{"name":"SelectContent","decl":{"start":{"line":50,"column":9},"end":{"line":50,"column":23}},"loc":{"start":{"line":56,"column":57},"end":{"line":85,"column":null}},"line":56},"5":{"name":"SelectLabel","decl":{"start":{"line":87,"column":9},"end":{"line":87,"column":21}},"loc":{"start":{"line":90,"column":55},"end":{"line":98,"column":null}},"line":90},"6":{"name":"SelectItem","decl":{"start":{"line":100,"column":9},"end":{"line":100,"column":20}},"loc":{"start":{"line":104,"column":54},"end":{"line":122,"column":null}},"line":104},"7":{"name":"SelectSeparator","decl":{"start":{"line":124,"column":9},"end":{"line":124,"column":25}},"loc":{"start":{"line":127,"column":59},"end":{"line":135,"column":null}},"line":127},"8":{"name":"SelectScrollUpButton","decl":{"start":{"line":137,"column":9},"end":{"line":137,"column":30}},"loc":{"start":{"line":140,"column":64},"end":{"line":153,"column":null}},"line":140},"9":{"name":"SelectScrollDownButton","decl":{"start":{"line":155,"column":9},"end":{"line":155,"column":32}},"loc":{"start":{"line":158,"column":66},"end":{"line":171,"column":null}},"line":158}},"branchMap":{"0":{"loc":{"start":{"line":26,"column":2},"end":{"line":26,"column":null}},"type":"default-arg","locations":[{"start":{"line":26,"column":9},"end":{"line":26,"column":null}}],"line":26},"1":{"loc":{"start":{"line":53,"column":2},"end":{"line":53,"column":null}},"type":"default-arg","locations":[{"start":{"line":53,"column":13},"end":{"line":53,"column":null}}],"line":53},"2":{"loc":{"start":{"line":54,"column":2},"end":{"line":54,"column":null}},"type":"default-arg","locations":[{"start":{"line":54,"column":10},"end":{"line":54,"column":null}}],"line":54},"3":{"loc":{"start":{"line":63,"column":10},"end":{"line":64,"column":null}},"type":"binary-expr","locations":[{"start":{"line":63,"column":10},"end":{"line":63,"column":null}},{"start":{"line":64,"column":12},"end":{"line":64,"column":null}}],"line":63},"4":{"loc":{"start":{"line":75,"column":12},"end":{"line":76,"column":null}},"type":"binary-expr","locations":[{"start":{"line":75,"column":12},"end":{"line":75,"column":null}},{"start":{"line":76,"column":14},"end":{"line":76,"column":null}}],"line":75}},"s":{"0":1,"1":0,"2":1,"3":1,"4":1,"5":0,"6":2,"7":0,"8":1,"9":1},"f":{"0":1,"1":0,"2":1,"3":1,"4":1,"5":0,"6":2,"7":0,"8":1,"9":1},"b":{"0":[1],"1":[1],"2":[1],"3":[1,0],"4":[1,0]},"meta":{"lastBranch":5,"lastFunction":10,"lastStatement":10,"seen":{"f:6:9:6:16":0,"s:9:2:9:Infinity":0,"f:12:9:12:21":1,"s:15:2:15:Infinity":1,"f:18:9:18:21":2,"s:21:2:21:Infinity":2,"f:24:9:24:23":3,"b:26:9:26:Infinity":0,"s:32:2:46:Infinity":3,"f:50:9:50:23":4,"b:53:13:53:Infinity":1,"b:54:10:54:Infinity":2,"s:57:2:83:Infinity":4,"b:63:10:63:Infinity:64:12:64:Infinity":3,"b:75:12:75:Infinity:76:14:76:Infinity":4,"f:87:9:87:21":5,"s:91:2:96:Infinity":5,"f:100:9:100:20":6,"s:105:2:120:Infinity":6,"f:124:9:124:25":7,"s:128:2:133:Infinity":7,"f:137:9:137:30":8,"s:141:2:151:Infinity":8,"f:155:9:155:32":9,"s:159:2:169:Infinity":9}}}
,"/Users/soazinho/mako/app/components/ui/separator.tsx": {"path":"/Users/soazinho/mako/app/components/ui/separator.tsx","statementMap":{"0":{"start":{"line":11,"column":2},"end":{"line":21,"column":null}}},"fnMap":{"0":{"name":"Separator","decl":{"start":{"line":5,"column":9},"end":{"line":5,"column":19}},"loc":{"start":{"line":10,"column":57},"end":{"line":23,"column":null}},"line":10}},"branchMap":{"0":{"loc":{"start":{"line":7,"column":2},"end":{"line":7,"column":null}},"type":"default-arg","locations":[{"start":{"line":7,"column":16},"end":{"line":7,"column":null}}],"line":7},"1":{"loc":{"start":{"line":8,"column":2},"end":{"line":8,"column":null}},"type":"default-arg","locations":[{"start":{"line":8,"column":15},"end":{"line":8,"column":null}}],"line":8}},"s":{"0":0},"f":{"0":0},"b":{"0":[0],"1":[0]},"meta":{"lastBranch":2,"lastFunction":1,"lastStatement":1,"seen":{"f:5:9:5:19":0,"b:7:16:7:Infinity":0,"b:8:15:8:Infinity":1,"s:11:2:21:Infinity":0}}}
,"/Users/soazinho/mako/app/components/ui/sonner.tsx": {"path":"/Users/soazinho/mako/app/components/ui/sonner.tsx","statementMap":{"0":{"start":{"line":11,"column":16},"end":{"line":36,"column":null}},"1":{"start":{"line":12,"column":27},"end":{"line":12,"column":null}},"2":{"start":{"line":14,"column":2},"end":{"line":34,"column":null}}},"fnMap":{"0":{"name":"(anonymous_0)","decl":{"start":{"line":11,"column":16},"end":{"line":11,"column":17}},"loc":{"start":{"line":11,"column":48},"end":{"line":36,"column":null}},"line":11}},"branchMap":{"0":{"loc":{"start":{"line":12,"column":10},"end":{"line":12,"column":27}},"type":"default-arg","locations":[{"start":{"line":12,"column":18},"end":{"line":12,"column":27}}],"line":12}},"s":{"0":0,"1":0,"2":0},"f":{"0":0},"b":{"0":[0]},"meta":{"lastBranch":1,"lastFunction":1,"lastStatement":3,"seen":{"s:11:16:36:Infinity":0,"f:11:16:11:17":0,"s:12:27:12:Infinity":1,"b:12:18:12:27":0,"s:14:2:34:Infinity":2}}}
,"/Users/soazinho/mako/app/components/welcome/logo-dark.svg": {"path":"/Users/soazinho/mako/app/components/welcome/logo-dark.svg","statementMap":{},"fnMap":{},"branchMap":{},"s":{},"f":{},"b":{},"meta":{"lastBranch":0,"lastFunction":0,"lastStatement":0,"seen":{}}}
,"/Users/soazinho/mako/app/components/welcome/logo-light.svg": {"path":"/Users/soazinho/mako/app/components/welcome/logo-light.svg","statementMap":{},"fnMap":{},"branchMap":{},"s":{},"f":{},"b":{},"meta":{"lastBranch":0,"lastFunction":0,"lastStatement":0,"seen":{}}}
,"/Users/soazinho/mako/app/components/welcome/welcome.tsx": {"path":"/Users/soazinho/mako/app/components/welcome/welcome.tsx","statementMap":{"0":{"start":{"line":5,"column":2},"end":{"line":45,"column":null}},"1":{"start":{"line":29,"column":16},"end":{"line":39,"column":null}},"2":{"start":{"line":49,"column":18},"end":{"line":89,"column":null}}},"fnMap":{"0":{"name":"Welcome","decl":{"start":{"line":4,"column":16},"end":{"line":4,"column":26}},"loc":{"start":{"line":4,"column":26},"end":{"line":47,"column":null}},"line":4},"1":{"name":"(anonymous_1)","decl":{"start":{"line":28,"column":29},"end":{"line":28,"column":30}},"loc":{"start":{"line":29,"column":16},"end":{"line":39,"column":null}},"line":29}},"branchMap":{},"s":{"0":0,"1":0,"2":0},"f":{"0":0,"1":0},"b":{},"meta":{"lastBranch":0,"lastFunction":2,"lastStatement":3,"seen":{"f:4:16:4:26":0,"s:5:2:45:Infinity":0,"f:28:29:28:30":1,"s:29:16:39:Infinity":1,"s:49:18:89:Infinity":2}}}
,"/Users/soazinho/mako/app/locales/index.ts": {"path":"/Users/soazinho/mako/app/locales/index.ts","statementMap":{},"fnMap":{},"branchMap":{},"s":{},"f":{},"b":{},"meta":{"lastBranch":0,"lastFunction":0,"lastStatement":0,"seen":{}}}
,"/Users/soazinho/mako/app/locales/en/index.ts": {"path":"/Users/soazinho/mako/app/locales/en/index.ts","statementMap":{},"fnMap":{},"branchMap":{},"s":{},"f":{},"b":{},"meta":{"lastBranch":0,"lastFunction":0,"lastStatement":0,"seen":{}}}
,"/Users/soazinho/mako/app/locales/en/translation.ts": {"path":"/Users/soazinho/mako/app/locales/en/translation.ts","statementMap":{},"fnMap":{},"branchMap":{},"s":{},"f":{},"b":{},"meta":{"lastBranch":0,"lastFunction":0,"lastStatement":0,"seen":{}}}
,"/Users/soazinho/mako/app/locales/fr/index.ts": {"path":"/Users/soazinho/mako/app/locales/fr/index.ts","statementMap":{},"fnMap":{},"branchMap":{},"s":{},"f":{},"b":{},"meta":{"lastBranch":0,"lastFunction":0,"lastStatement":0,"seen":{}}}
,"/Users/soazinho/mako/app/locales/fr/translation.ts": {"path":"/Users/soazinho/mako/app/locales/fr/translation.ts","statementMap":{},"fnMap":{},"branchMap":{},"s":{},"f":{},"b":{},"meta":{"lastBranch":0,"lastFunction":0,"lastStatement":0,"seen":{}}}
,"/Users/soazinho/mako/app/middlewares/i18next.ts": {"path":"/Users/soazinho/mako/app/middlewares/i18next.ts","statementMap":{"0":{"start":{"line":9,"column":13},"end":{"line":14,"column":null}},"1":{"start":{"line":16,"column":55},"end":{"line":25,"column":null}}},"fnMap":{},"branchMap":{},"s":{"0":0,"1":0},"f":{},"b":{},"meta":{"lastBranch":0,"lastFunction":0,"lastStatement":2,"seen":{"s:9:13:14:Infinity":0,"s:16:55:25:Infinity":1}}}
,"/Users/soazinho/mako/app/routes/home.tsx": {"path":"/Users/soazinho/mako/app/routes/home.tsx","statementMap":{"0":{"start":{"line":8,"column":2},"end":{"line":11,"column":null}},"1":{"start":{"line":15,"column":12},"end":{"line":15,"column":null}},"2":{"start":{"line":17,"column":2},"end":{"line":42,"column":null}}},"fnMap":{"0":{"name":"meta","decl":{"start":{"line":7,"column":16},"end":{"line":7,"column":21}},"loc":{"start":{"line":7,"column":41},"end":{"line":12,"column":null}},"line":7},"1":{"name":"Home","decl":{"start":{"line":14,"column":24},"end":{"line":14,"column":31}},"loc":{"start":{"line":14,"column":31},"end":{"line":44,"column":null}},"line":14}},"branchMap":{},"s":{"0":0,"1":1,"2":1},"f":{"0":0,"1":1},"b":{},"meta":{"lastBranch":0,"lastFunction":2,"lastStatement":3,"seen":{"f:7:16:7:21":0,"s:8:2:11:Infinity":0,"f:14:24:14:31":1,"s:15:12:15:Infinity":1,"s:17:2:42:Infinity":2}}}
,"/Users/soazinho/mako/app/routes/locales.ts": {"path":"/Users/soazinho/mako/app/routes/locales.ts","statementMap":{"0":{"start":{"line":10,"column":14},"end":{"line":12,"column":null}},"1":{"start":{"line":14,"column":2},"end":{"line":14,"column":null}},"2":{"start":{"line":14,"column":17},"end":{"line":14,"column":null}},"3":{"start":{"line":16,"column":21},"end":{"line":16,"column":null}},"4":{"start":{"line":18,"column":13},"end":{"line":20,"column":null}},"5":{"start":{"line":22,"column":2},"end":{"line":22,"column":null}},"6":{"start":{"line":22,"column":16},"end":{"line":22,"column":null}},"7":{"start":{"line":24,"column":18},"end":{"line":24,"column":null}},"8":{"start":{"line":27,"column":2},"end":{"line":39,"column":null}},"9":{"start":{"line":28,"column":4},"end":{"line":38,"column":null}},"10":{"start":{"line":41,"column":2},"end":{"line":41,"column":null}}},"fnMap":{"0":{"name":"loader","decl":{"start":{"line":9,"column":22},"end":{"line":9,"column":29}},"loc":{"start":{"line":9,"column":59},"end":{"line":42,"column":null}},"line":9}},"branchMap":{"0":{"loc":{"start":{"line":14,"column":2},"end":{"line":14,"column":null}},"type":"if","locations":[{"start":{"line":14,"column":2},"end":{"line":14,"column":null}},{"start":{},"end":{}}],"line":14},"1":{"loc":{"start":{"line":22,"column":2},"end":{"line":22,"column":null}},"type":"if","locations":[{"start":{"line":22,"column":2},"end":{"line":22,"column":null}},{"start":{},"end":{}}],"line":22},"2":{"loc":{"start":{"line":27,"column":2},"end":{"line":39,"column":null}},"type":"if","locations":[{"start":{"line":27,"column":2},"end":{"line":39,"column":null}},{"start":{},"end":{}}],"line":27}},"s":{"0":0,"1":0,"2":0,"3":0,"4":0,"5":0,"6":0,"7":0,"8":0,"9":0,"10":0},"f":{"0":0},"b":{"0":[0,0],"1":[0,0],"2":[0,0]},"meta":{"lastBranch":3,"lastFunction":1,"lastStatement":11,"seen":{"f:9:22:9:29":0,"s:10:14:12:Infinity":0,"b:14:2:14:Infinity:undefined:undefined:undefined:undefined":0,"s:14:2:14:Infinity":1,"s:14:17:14:Infinity":2,"s:16:21:16:Infinity":3,"s:18:13:20:Infinity":4,"b:22:2:22:Infinity:undefined:undefined:undefined:undefined":1,"s:22:2:22:Infinity":5,"s:22:16:22:Infinity":6,"s:24:18:24:Infinity":7,"b:27:2:39:Infinity:undefined:undefined:undefined:undefined":2,"s:27:2:39:Infinity":8,"s:28:4:38:Infinity":9,"s:41:2:41:Infinity":10}}}
}
